<?xml version="1.0" encoding="UTF-8"?>
<!-- Generated by org.testng.reporters.JUnitReportReporter -->
<testsuite skipped="0" hostname="DESKTOP-OU6D541" name="com.syntax.test.TestNG" tests="1" failures="0" timestamp="2020-05-19T17:37:30 EDT" time="0.012" errors="0">
  <testcase name="hello" time="0.012" classname="com.syntax.test.TestNG"/>
  <system-out/>
</testsuite> <!-- com.syntax.test.TestNG -->
